Removed Pin From Net: NetName=GND Pin=1-GND
Removed Pin From Net: NetName=GND Pin=AMS1-1
Removed Pin From Net: NetName=GND Pin=BT1-1
Removed Pin From Net: NetName=GND Pin=BT1-1
Removed Pin From Net: NetName=GND Pin=BT2-2
Removed Pin From Net: NetName=GND Pin=C1-2
Removed Pin From Net: NetName=GND Pin=C2-2
Removed Pin From Net: NetName=GND Pin=C3-2
Removed Pin From Net: NetName=GND Pin=C4-2
Removed Pin From Net: NetName=GND Pin=C5-2
Removed Pin From Net: NetName=GND Pin=C6-2
Removed Pin From Net: NetName=GND Pin=C7-2
Removed Pin From Net: NetName=GND Pin=C8-2
Removed Pin From Net: NetName=GND Pin=C9-2
Removed Pin From Net: NetName=GND Pin=C10-2
Removed Pin From Net: NetName=GND Pin=C11-2
Removed Pin From Net: NetName=GND Pin=C12-1
Removed Pin From Net: NetName=GND Pin=C13-1
Removed Pin From Net: NetName=GND Pin=H1-1
Removed Pin From Net: NetName=GND Pin=JACK DC1-2
Removed Pin From Net: NetName=GND Pin=JP1-4
Removed Pin From Net: NetName=GND Pin=MD1-4
Removed Pin From Net: NetName=GND Pin=P1-4
Removed Pin From Net: NetName=GND Pin=Q5-2
Removed Pin From Net: NetName=GND Pin=Q6-2
Removed Pin From Net: NetName=GND Pin=R1-2
Removed Pin From Net: NetName=GND Pin=R7-1
Removed Pin From Net: NetName=GND Pin=RL1-2
Removed Pin From Net: NetName=GND Pin=U1-8
Removed Pin From Net: NetName=BT1 Pin=U1-14
Removed Pin From Net: NetName=BT2 Pin=U1-15
Removed Pin From Net: NetName=BT3 Pin=U1-16
Removed Pin From Net: NetName=BT4 Pin=U1-17
Removed Pin From Net: NetName=GND Pin=U1-23
Removed Pin From Net: NetName=GND Pin=U1-35
Removed Pin From Net: NetName=GND Pin=U1-47
Removed Pin From Net: NetName=GND Pin=U2-5
Removed Pin From Net: NetName=GND Pin=U2-6
Removed Pin From Net: NetName=GND Pin=U2-7
Removed Pin From Net: NetName=GND Pin=U2-8
Removed Pin From Net: NetName=GND Pin=U2-9
Removed Pin From Net: NetName=GND Pin=U2-10
Removed Pin From Net: NetName=GND Pin=U2-11
Removed Pin From Net: NetName=GND Pin=U2-12
Removed Pin From Net: NetName=GND Pin=U2-13
Removed Pin From Net: NetName=GND Pin=U3-2
