Change Component Footprint: Designator=R14 Old Footprint=tro smd 1206 New Footprint=tro smd 0603
Change Component Footprint: Designator=R15 Old Footprint=tro smd 1206 New Footprint=tro smd 0603
Change Component Footprint: Designator=R16 Old Footprint=tro smd 1206 New Footprint=tro smd 0603
Change Component Footprint: Designator=R17 Old Footprint=tro smd 1206 New Footprint=tro smd 0603
Change component parameters: Designator = "R14" ("R14"); Footprint = "tro smd 1206"; UniqueID = "\XWWVKXTF" ("\XWWVKXTF")
Change component parameters (AddParameter): Name = "Chung_Loai"; Value = "Dán"; VariantName = "[No Variations]"
Change component parameters (AddParameter): Name = "Don_Vi"; Value = "Con"; VariantName = "[No Variations]"
Change component parameters (AddParameter): Name = "Kieu_Chan"; Value = ""; VariantName = "[No Variations]"
Change component parameters (AddParameter): Name = "Ma_Hang"; Value = "MH006315"; VariantName = "[No Variations]"
Change component parameters (AddParameter): Name = "So_Chan"; Value = "2"; VariantName = "[No Variations]"
Change component parameters (AddParameter): Name = "Ten_Linh_Kien"; Value = "Tr? 0603 5% 100R"; VariantName = "[No Variations]"
Change component parameters: Designator = "R15" ("R15"); Footprint = "tro smd 1206"; UniqueID = "\INOCVRAU" ("\INOCVRAU")
Change component parameters (AddParameter): Name = "Chung_Loai"; Value = "Dán"; VariantName = "[No Variations]"
Change component parameters (AddParameter): Name = "Don_Vi"; Value = "Con"; VariantName = "[No Variations]"
Change component parameters (AddParameter): Name = "Kieu_Chan"; Value = ""; VariantName = "[No Variations]"
Change component parameters (AddParameter): Name = "Ma_Hang"; Value = "MH006315"; VariantName = "[No Variations]"
Change component parameters (AddParameter): Name = "So_Chan"; Value = "2"; VariantName = "[No Variations]"
Change component parameters (AddParameter): Name = "Ten_Linh_Kien"; Value = "Tr? 0603 5% 100R"; VariantName = "[No Variations]"
Change component parameters: Designator = "R16" ("R16"); Footprint = "tro smd 1206"; UniqueID = "\RIHSQXJZ" ("\RIHSQXJZ")
Change component parameters (AddParameter): Name = "Chung_Loai"; Value = "Dán"; VariantName = "[No Variations]"
Change component parameters (AddParameter): Name = "Don_Vi"; Value = "Con"; VariantName = "[No Variations]"
Change component parameters (AddParameter): Name = "Kieu_Chan"; Value = ""; VariantName = "[No Variations]"
Change component parameters (AddParameter): Name = "Ma_Hang"; Value = "MH006315"; VariantName = "[No Variations]"
Change component parameters (AddParameter): Name = "So_Chan"; Value = "2"; VariantName = "[No Variations]"
Change component parameters (AddParameter): Name = "Ten_Linh_Kien"; Value = "Tr? 0603 5% 100R"; VariantName = "[No Variations]"
Change component parameters: Designator = "R17" ("R17"); Footprint = "tro smd 1206"; UniqueID = "\NCOSOXIS" ("\NCOSOXIS")
Change component parameters (AddParameter): Name = "Chung_Loai"; Value = "Dán"; VariantName = "[No Variations]"
Change component parameters (AddParameter): Name = "Don_Vi"; Value = "Con"; VariantName = "[No Variations]"
Change component parameters (AddParameter): Name = "Kieu_Chan"; Value = ""; VariantName = "[No Variations]"
Change component parameters (AddParameter): Name = "Ma_Hang"; Value = "MH006315"; VariantName = "[No Variations]"
Change component parameters (AddParameter): Name = "So_Chan"; Value = "2"; VariantName = "[No Variations]"
Change component parameters (AddParameter): Name = "Ten_Linh_Kien"; Value = "Tr? 0603 5% 100R"; VariantName = "[No Variations]"
Added Room: Name=4_LEDS_SEGMENT
Added Room: Name=BUTTONS
Added Room: Name=ESP8266_Module
Added Room: Name=TSOP1838
