Removed Pin From Net: NetName=OSC_IN Pin=Y1-1
Removed Pin From Net: NetName=OSC_OUT Pin=Y1-2
Removed Member From Class: ClassName=STM32F103xx_LQFP48 Member=L3
Removed Member From Class: ClassName=STM32F103xx_LQFP48 Member=L6
Removed Member From Class: ClassName=STM32F103xx_LQFP48 Member=R12
Removed Member From Class: ClassName=STM32F103xx_LQFP48 Member=R13
Removed Member From Class: ClassName=4_LEDS_SEGMENT Member=R19
Removed Member From Class: ClassName=4_LEDS_SEGMENT Member=R20
Removed Member From Class: ClassName=DHT11 Member=R25
Removed Member From Class: ClassName=ESP8266_Module Member=R25
Removed Member From Class: ClassName=ESP8266_Module Member=R26
Removed Member From Class: ClassName=TSOP1838 Member=R26
Removed Member From Class: ClassName=STM32F103xx_LQFP48 Member=Y1
Added Component: Designator=XT1(Thach Anh 3 Chan SMD)
Add component (AddParameter): Name = "Value"; Value = "4Mhz"; VariantName = "[No Variations]"
Added Pin To Net: NetName=OSC_OUT Pin=XT1-1
Added Pin To Net: NetName=GND Pin=XT1-2
Added Pin To Net: NetName=OSC_IN Pin=XT1-3
Added Member To Class: ClassName=STM32F103xx_LQFP48 Member=Component L1 LED 0805
Added Member To Class: ClassName=STM32F103xx_LQFP48 Member=Component L2 LED 0805
Added Member To Class: ClassName=4_LEDS_SEGMENT Member=Component L4 LED 7 Thanh
Added Member To Class: ClassName=STM32F103xx_LQFP48 Member=Component R2 1k
Added Member To Class: ClassName=STM32F103xx_LQFP48 Member=Component R3 1k
Added Member To Class: ClassName=STM32F103xx_LQFP48 Member=Component R6 1k
Added Member To Class: ClassName=STM32F103xx_LQFP48 Member=Component R7 1k
Added Member To Class: ClassName=STM32F103xx_LQFP48 Member=Component R9 1k
Added Member To Class: ClassName=4_LEDS_SEGMENT Member=Component R10 330R
Added Member To Class: ClassName=4_LEDS_SEGMENT Member=Component R11 330R
Added Member To Class: ClassName=4_LEDS_SEGMENT Member=Component R14 100R
Added Member To Class: ClassName=4_LEDS_SEGMENT Member=Component R15 100R
Added Member To Class: ClassName=4_LEDS_SEGMENT Member=Component R16 100R
Added Member To Class: ClassName=4_LEDS_SEGMENT Member=Component R17 100R
Added Member To Class: ClassName=DS3231 Member=Component R18 10k
Added Member To Class: ClassName=DHT11 Member=Component R21 4.7k
Added Member To Class: ClassName=TSOP1838 Member=Component R22 4.7k
Added Member To Class: ClassName=ESP8266_Module Member=Component R23 10k
Added Member To Class: ClassName=ESP8266_Module Member=Component R24 10k
Added Member To Class: ClassName=STM32F103xx_LQFP48 Member=Component XT1 20Mhz
