Added Component: Designator=L1(LED7SEG_2.3inch)
Add component (AddParameter): Name = "Chung_Loai"; Value = "Dán"; VariantName = "[No Variations]"
Add component (AddParameter): Name = "Don_Vi"; Value = "Con"; VariantName = "[No Variations]"
Add component (AddParameter): Name = "Ghi_Chu"; Value = ""; VariantName = "[No Variations]"
Add component (AddParameter): Name = "Kieu_Chan"; Value = ""; VariantName = "[No Variations]"
Add component (AddParameter): Name = "Ma_Hang"; Value = "MH000901"; VariantName = "[No Variations]"
Add component (AddParameter): Name = "Ten_Linh_Kien"; Value = "Led 7 2.3 1 S? Anot (Sáng Ð?)"; VariantName = "[No Variations]"
Added Component: Designator=L2(LED7SEG_2.3inch)
Add component (AddParameter): Name = "Chung_Loai"; Value = "Dán"; VariantName = "[No Variations]"
Add component (AddParameter): Name = "Don_Vi"; Value = "Con"; VariantName = "[No Variations]"
Add component (AddParameter): Name = "Ghi_Chu"; Value = ""; VariantName = "[No Variations]"
Add component (AddParameter): Name = "Kieu_Chan"; Value = ""; VariantName = "[No Variations]"
Add component (AddParameter): Name = "Ma_Hang"; Value = "MH000901"; VariantName = "[No Variations]"
Add component (AddParameter): Name = "Ten_Linh_Kien"; Value = "Led 7 2.3 1 S? Anot (Sáng Ð?)"; VariantName = "[No Variations]"
Added Component: Designator=L3(LED7SEG_2.3inch)
Add component (AddParameter): Name = "Chung_Loai"; Value = "Dán"; VariantName = "[No Variations]"
Add component (AddParameter): Name = "Don_Vi"; Value = "Con"; VariantName = "[No Variations]"
Add component (AddParameter): Name = "Ghi_Chu"; Value = ""; VariantName = "[No Variations]"
Add component (AddParameter): Name = "Kieu_Chan"; Value = ""; VariantName = "[No Variations]"
Add component (AddParameter): Name = "Ma_Hang"; Value = "MH000901"; VariantName = "[No Variations]"
Add component (AddParameter): Name = "Ten_Linh_Kien"; Value = "Led 7 2.3 1 S? Anot (Sáng Ð?)"; VariantName = "[No Variations]"
Added Component: Designator=L4(LED7SEG_2.3inch)
Add component (AddParameter): Name = "Chung_Loai"; Value = "Dán"; VariantName = "[No Variations]"
Add component (AddParameter): Name = "Don_Vi"; Value = "Con"; VariantName = "[No Variations]"
Add component (AddParameter): Name = "Ghi_Chu"; Value = ""; VariantName = "[No Variations]"
Add component (AddParameter): Name = "Kieu_Chan"; Value = ""; VariantName = "[No Variations]"
Add component (AddParameter): Name = "Ma_Hang"; Value = "MH000901"; VariantName = "[No Variations]"
Add component (AddParameter): Name = "Ten_Linh_Kien"; Value = "Led 7 2.3 1 S? Anot (Sáng Ð?)"; VariantName = "[No Variations]"
Added Component: Designator=Q1(SOT23)
Add component (AddParameter): Name = "Value"; Value = "C9014"; VariantName = "[No Variations]"
Added Component: Designator=Q2(SOT23)
Add component (AddParameter): Name = "Value"; Value = "C9014"; VariantName = "[No Variations]"
Added Component: Designator=Q3(SOT23)
Add component (AddParameter): Name = "Value"; Value = "C9014"; VariantName = "[No Variations]"
Added Component: Designator=Q4(SOT23)
Add component (AddParameter): Name = "Value"; Value = "C9014"; VariantName = "[No Variations]"
Added Component: Designator=R8(tro smd 0603)
Add component (AddParameter): Name = "Chung_Loai"; Value = "Dán"; VariantName = "[No Variations]"
Add component (AddParameter): Name = "Don_Vi"; Value = "Con"; VariantName = "[No Variations]"
Add component (AddParameter): Name = "Kieu_Chan"; Value = ""; VariantName = "[No Variations]"
Add component (AddParameter): Name = "Ma_Hang"; Value = "MH006910"; VariantName = "[No Variations]"
Add component (AddParameter): Name = "So_Chan"; Value = "2"; VariantName = "[No Variations]"
Add component (AddParameter): Name = "Ten_Linh_Kien"; Value = "Tr? 0603 5% 330R"; VariantName = "[No Variations]"
Added Component: Designator=R9(tro smd 0603)
Add component (AddParameter): Name = "Chung_Loai"; Value = "Dán"; VariantName = "[No Variations]"
Add component (AddParameter): Name = "Don_Vi"; Value = "Con"; VariantName = "[No Variations]"
Add component (AddParameter): Name = "Kieu_Chan"; Value = ""; VariantName = "[No Variations]"
Add component (AddParameter): Name = "Ma_Hang"; Value = "MH006910"; VariantName = "[No Variations]"
Add component (AddParameter): Name = "So_Chan"; Value = "2"; VariantName = "[No Variations]"
Add component (AddParameter): Name = "Ten_Linh_Kien"; Value = "Tr? 0603 5% 330R"; VariantName = "[No Variations]"
Added Component: Designator=R10(tro smd 0603)
Add component (AddParameter): Name = "Chung_Loai"; Value = "Dán"; VariantName = "[No Variations]"
Add component (AddParameter): Name = "Don_Vi"; Value = "Con"; VariantName = "[No Variations]"
Add component (AddParameter): Name = "Kieu_Chan"; Value = ""; VariantName = "[No Variations]"
Add component (AddParameter): Name = "Ma_Hang"; Value = "MH006910"; VariantName = "[No Variations]"
Add component (AddParameter): Name = "So_Chan"; Value = "2"; VariantName = "[No Variations]"
Add component (AddParameter): Name = "Ten_Linh_Kien"; Value = "Tr? 0603 5% 330R"; VariantName = "[No Variations]"
Added Component: Designator=R11(tro smd 0603)
Add component (AddParameter): Name = "Chung_Loai"; Value = "Dán"; VariantName = "[No Variations]"
Add component (AddParameter): Name = "Don_Vi"; Value = "Con"; VariantName = "[No Variations]"
Add component (AddParameter): Name = "Kieu_Chan"; Value = ""; VariantName = "[No Variations]"
Add component (AddParameter): Name = "Ma_Hang"; Value = "MH006910"; VariantName = "[No Variations]"
Add component (AddParameter): Name = "So_Chan"; Value = "2"; VariantName = "[No Variations]"
Add component (AddParameter): Name = "Ten_Linh_Kien"; Value = "Tr? 0603 5% 330R"; VariantName = "[No Variations]"
Added Component: Designator=R12(tro smd 1206)
Add component (AddParameter): Name = "Chung_Loai"; Value = "Dán"; VariantName = "[No Variations]"
Add component (AddParameter): Name = "Don_Vi"; Value = "Con"; VariantName = "[No Variations]"
Add component (AddParameter): Name = "Kieu_Chan"; Value = ""; VariantName = "[No Variations]"
Add component (AddParameter): Name = "Ma_Hang"; Value = "MH005891"; VariantName = "[No Variations]"
Add component (AddParameter): Name = "So_Chan"; Value = "2"; VariantName = "[No Variations]"
Add component (AddParameter): Name = "Ten_Linh_Kien"; Value = "Tr? 1206 1% 100R"; VariantName = "[No Variations]"
Added Component: Designator=R13(tro smd 1206)
Add component (AddParameter): Name = "Chung_Loai"; Value = "Dán"; VariantName = "[No Variations]"
Add component (AddParameter): Name = "Don_Vi"; Value = "Con"; VariantName = "[No Variations]"
Add component (AddParameter): Name = "Kieu_Chan"; Value = ""; VariantName = "[No Variations]"
Add component (AddParameter): Name = "Ma_Hang"; Value = "MH005891"; VariantName = "[No Variations]"
Add component (AddParameter): Name = "So_Chan"; Value = "2"; VariantName = "[No Variations]"
Add component (AddParameter): Name = "Ten_Linh_Kien"; Value = "Tr? 1206 1% 100R"; VariantName = "[No Variations]"
Added Component: Designator=R14(tro smd 1206)
Add component (AddParameter): Name = "Chung_Loai"; Value = "Dán"; VariantName = "[No Variations]"
Add component (AddParameter): Name = "Don_Vi"; Value = "Con"; VariantName = "[No Variations]"
Add component (AddParameter): Name = "Kieu_Chan"; Value = ""; VariantName = "[No Variations]"
Add component (AddParameter): Name = "Ma_Hang"; Value = "MH005891"; VariantName = "[No Variations]"
Add component (AddParameter): Name = "So_Chan"; Value = "2"; VariantName = "[No Variations]"
Add component (AddParameter): Name = "Ten_Linh_Kien"; Value = "Tr? 1206 1% 100R"; VariantName = "[No Variations]"
Added Component: Designator=R15(tro smd 1206)
Add component (AddParameter): Name = "Chung_Loai"; Value = "Dán"; VariantName = "[No Variations]"
Add component (AddParameter): Name = "Don_Vi"; Value = "Con"; VariantName = "[No Variations]"
Add component (AddParameter): Name = "Kieu_Chan"; Value = ""; VariantName = "[No Variations]"
Add component (AddParameter): Name = "Ma_Hang"; Value = "MH005891"; VariantName = "[No Variations]"
Add component (AddParameter): Name = "So_Chan"; Value = "2"; VariantName = "[No Variations]"
Add component (AddParameter): Name = "Ten_Linh_Kien"; Value = "Tr? 1206 1% 100R"; VariantName = "[No Variations]"
Added Pin To Net: NetName=+5 Pin=R8-2
Added Pin To Net: NetName=+5 Pin=R9-2
Added Pin To Net: NetName=+5 Pin=R10-2
Added Pin To Net: NetName=+5 Pin=R11-2
Added Net: Name=+5
Added Pin To Net: NetName=LED_7_Thanh_A Pin=L1-7
Added Pin To Net: NetName=LED_7_Thanh_A Pin=L2-7
Added Pin To Net: NetName=LED_7_Thanh_A Pin=L3-7
Added Pin To Net: NetName=LED_7_Thanh_A Pin=L4-7
Added Net: Name=LED_7_Thanh_A
Added Pin To Net: NetName=LED_7_Thanh_B Pin=L1-6
Added Pin To Net: NetName=LED_7_Thanh_B Pin=L2-6
Added Pin To Net: NetName=LED_7_Thanh_B Pin=L3-6
Added Pin To Net: NetName=LED_7_Thanh_B Pin=L4-6
Added Net: Name=LED_7_Thanh_B
Added Pin To Net: NetName=LED_7_Thanh_C Pin=L1-4
Added Pin To Net: NetName=LED_7_Thanh_C Pin=L2-4
Added Pin To Net: NetName=LED_7_Thanh_C Pin=L3-4
Added Pin To Net: NetName=LED_7_Thanh_C Pin=L4-4
Added Net: Name=LED_7_Thanh_C
Added Pin To Net: NetName=LED_7_Thanh_D Pin=L1-3
Added Pin To Net: NetName=LED_7_Thanh_D Pin=L2-3
Added Pin To Net: NetName=LED_7_Thanh_D Pin=L3-3
Added Pin To Net: NetName=LED_7_Thanh_D Pin=L4-3
Added Net: Name=LED_7_Thanh_D
Added Pin To Net: NetName=LED_7_Thanh_E Pin=L1-2
Added Pin To Net: NetName=LED_7_Thanh_E Pin=L2-2
Added Pin To Net: NetName=LED_7_Thanh_E Pin=L3-2
Added Pin To Net: NetName=LED_7_Thanh_E Pin=L4-2
Added Net: Name=LED_7_Thanh_E
Added Pin To Net: NetName=LED_7_Thanh_F Pin=L1-9
Added Pin To Net: NetName=LED_7_Thanh_F Pin=L2-9
Added Pin To Net: NetName=LED_7_Thanh_F Pin=L3-9
Added Pin To Net: NetName=LED_7_Thanh_F Pin=L4-9
Added Net: Name=LED_7_Thanh_F
Added Pin To Net: NetName=LED_7_Thanh_G Pin=L1-10
Added Pin To Net: NetName=LED_7_Thanh_G Pin=L2-10
Added Pin To Net: NetName=LED_7_Thanh_G Pin=L3-10
Added Pin To Net: NetName=LED_7_Thanh_G Pin=L4-10
Added Net: Name=LED_7_Thanh_G
Added Pin To Net: NetName=LED_7_Thanh_H Pin=L1-8
Added Pin To Net: NetName=LED_7_Thanh_H Pin=L2-8
Added Pin To Net: NetName=LED_7_Thanh_H Pin=L3-8
Added Pin To Net: NetName=LED_7_Thanh_H Pin=L4-8
Added Net: Name=LED_7_Thanh_H
Added Pin To Net: NetName=NetL1_1 Pin=L1-1
Added Pin To Net: NetName=NetL1_1 Pin=L1-5
Added Pin To Net: NetName=NetL1_1 Pin=Q1-2
Added Net: Name=NetL1_1
Added Pin To Net: NetName=NetL2_1 Pin=L2-1
Added Pin To Net: NetName=NetL2_1 Pin=L2-5
Added Pin To Net: NetName=NetL2_1 Pin=Q2-2
Added Net: Name=NetL2_1
Added Pin To Net: NetName=NetL3_1 Pin=L3-1
Added Pin To Net: NetName=NetL3_1 Pin=L3-5
Added Pin To Net: NetName=NetL3_1 Pin=Q3-2
Added Net: Name=NetL3_1
Added Pin To Net: NetName=NetL4_1 Pin=L4-1
Added Pin To Net: NetName=NetL4_1 Pin=L4-5
Added Pin To Net: NetName=NetL4_1 Pin=Q4-2
Added Net: Name=NetL4_1
Added Pin To Net: NetName=NetQ1_1 Pin=Q1-1
Added Pin To Net: NetName=NetQ1_1 Pin=R12-2
Added Net: Name=NetQ1_1
Added Pin To Net: NetName=NetQ1_3 Pin=Q1-3
Added Pin To Net: NetName=NetQ1_3 Pin=R8-1
Added Net: Name=NetQ1_3
Added Pin To Net: NetName=NetQ2_1 Pin=Q2-1
Added Pin To Net: NetName=NetQ2_1 Pin=R13-2
Added Net: Name=NetQ2_1
Added Pin To Net: NetName=NetQ2_3 Pin=Q2-3
Added Pin To Net: NetName=NetQ2_3 Pin=R9-1
Added Net: Name=NetQ2_3
Added Pin To Net: NetName=NetQ3_1 Pin=Q3-1
Added Pin To Net: NetName=NetQ3_1 Pin=R14-2
Added Net: Name=NetQ3_1
Added Pin To Net: NetName=NetQ3_3 Pin=Q3-3
Added Pin To Net: NetName=NetQ3_3 Pin=R10-1
Added Net: Name=NetQ3_3
Added Pin To Net: NetName=NetQ4_1 Pin=Q4-1
Added Pin To Net: NetName=NetQ4_1 Pin=R15-2
Added Net: Name=NetQ4_1
Added Pin To Net: NetName=NetQ4_3 Pin=Q4-3
Added Pin To Net: NetName=NetQ4_3 Pin=R11-1
Added Net: Name=NetQ4_3
Added Pin To Net: NetName=TRIGGER_LED_1 Pin=R12-1
Added Net: Name=TRIGGER_LED_1
Added Pin To Net: NetName=TRIGGER_LED_2 Pin=R13-1
Added Net: Name=TRIGGER_LED_2
Added Pin To Net: NetName=TRIGGER_LED_3 Pin=R14-1
Added Net: Name=TRIGGER_LED_3
Added Pin To Net: NetName=TRIGGER_LED_4 Pin=R15-1
Added Net: Name=TRIGGER_LED_4
Added Class: Name=4_LEDS_SEGMENT
Change Room Name: Old Name=4_BUTTONS New Name=4_LEDS_SEGMENT
Change Room Scope: Old Scope=InComponentClass('4_BUTTONS') New Scope=InComponentClass('4_LEDS_SEGMENT')
